This is pdfTeX, Version 3.1415926-2.3-1.40.12 (MiKTeX 2.9) (preloaded format=pdflatex 2013.1.8)  14 DEC 2013 19:23
entering extended mode
**Kaplan_Johnson_Final_Project.tex

(C:\Users\Maggie\Documents\GitHub\Bayesian-Spectral-Density\documents\paper\Kap
lan_Johnson_Final_Project.tex
LaTeX2e <2011/06/27>
Babel <v3.8m> and hyphenation patterns for english, afrikaans, ancientgreek, ar
abic, armenian, assamese, basque, bengali, bokmal, bulgarian, catalan, coptic, 
croatian, czech, danish, dutch, esperanto, estonian, farsi, finnish, french, ga
lician, german, german-x-2009-06-19, greek, gujarati, hindi, hungarian, iceland
ic, indonesian, interlingua, irish, italian, kannada, kurmanji, lao, latin, lat
vian, lithuanian, malayalam, marathi, mongolian, mongolianlmc, monogreek, ngerm
an, ngerman-x-2009-06-19, nynorsk, oriya, panjabi, pinyin, polish, portuguese, 
romanian, russian, sanskrit, serbian, slovak, slovenian, spanish, swedish, swis
sgerman, tamil, telugu, turkish, turkmen, ukenglish, ukrainian, uppersorbian, u
senglishmax, welsh, loaded.
("C:\Program Files\MiKTeX 2.9\tex\latex\base\article.cls"
Document Class: article 2007/10/19 v1.4h Standard LaTeX document class
("C:\Program Files\MiKTeX 2.9\tex\latex\base\size10.clo"
File: size10.clo 2007/10/19 v1.4h Standard LaTeX file (size option)
)
\c@part=\count79
\c@section=\count80
\c@subsection=\count81
\c@subsubsection=\count82
\c@paragraph=\count83
\c@subparagraph=\count84
\c@figure=\count85
\c@table=\count86
\abovecaptionskip=\skip41
\belowcaptionskip=\skip42
\bibindent=\dimen102
)
("C:\Program Files\MiKTeX 2.9\tex\latex\graphics\graphicx.sty"
Package: graphicx 1999/02/16 v1.0f Enhanced LaTeX Graphics (DPC,SPQR)

("C:\Program Files\MiKTeX 2.9\tex\latex\graphics\keyval.sty"
Package: keyval 1999/03/16 v1.13 key=value parser (DPC)
\KV@toks@=\toks14
)
("C:\Program Files\MiKTeX 2.9\tex\latex\graphics\graphics.sty"
Package: graphics 2009/02/05 v1.0o Standard LaTeX Graphics (DPC,SPQR)

("C:\Program Files\MiKTeX 2.9\tex\latex\graphics\trig.sty"
Package: trig 1999/03/16 v1.09 sin cos tan (DPC)
)
("C:\Program Files\MiKTeX 2.9\tex\latex\00miktex\graphics.cfg"
File: graphics.cfg 2007/01/18 v1.5 graphics configuration of teTeX/TeXLive
)
Package graphics Info: Driver file: pdftex.def on input line 91.

("C:\Program Files\MiKTeX 2.9\tex\latex\pdftex-def\pdftex.def"
File: pdftex.def 2011/05/27 v0.06d Graphics/color for pdfTeX

("C:\Program Files\MiKTeX 2.9\tex\generic\oberdiek\infwarerr.sty"
Package: infwarerr 2010/04/08 v1.3 Providing info/warning/error messages (HO)
)
("C:\Program Files\MiKTeX 2.9\tex\generic\oberdiek\ltxcmds.sty"
Package: ltxcmds 2011/11/09 v1.22 LaTeX kernel commands for general use (HO)
)
\Gread@gobject=\count87
))
\Gin@req@height=\dimen103
\Gin@req@width=\dimen104
)
("C:\Program Files\MiKTeX 2.9\tex\latex\graphics\color.sty"
Package: color 2005/11/14 v1.0j Standard LaTeX Color (DPC)

("C:\Program Files\MiKTeX 2.9\tex\latex\00miktex\color.cfg"
File: color.cfg 2007/01/18 v1.5 color configuration of teTeX/TeXLive
)
Package color Info: Driver file: pdftex.def on input line 130.
)
(C:\Users\Maggie\Documents\GitHub\Bayesian-Spectral-Density\documents\paper\fra
med.sty
Package: framed 2011/10/22 v 0.96: framed or shaded text with page breaks
\OuterFrameSep=\skip43
\fb@frw=\dimen105
\fb@frh=\dimen106
\FrameRule=\dimen107
\FrameSep=\dimen108
) ("C:\Program Files\MiKTeX 2.9\tex\latex\base\alltt.sty"
Package: alltt 1997/06/16 v2.0g defines alltt environment
)
("C:\Program Files\MiKTeX 2.9\tex\latex\geometry\geometry.sty"
Package: geometry 2010/09/12 v5.6 Page Geometry

("C:\Program Files\MiKTeX 2.9\tex\generic\oberdiek\ifpdf.sty"
Package: ifpdf 2011/01/30 v2.3 Provides the ifpdf switch (HO)
Package ifpdf Info: pdfTeX in PDF mode is detected.
)
("C:\Program Files\MiKTeX 2.9\tex\generic\oberdiek\ifvtex.sty"
Package: ifvtex 2010/03/01 v1.5 Detect VTeX and its facilities (HO)
Package ifvtex Info: VTeX not detected.
)
("C:\Program Files\MiKTeX 2.9\tex\generic\ifxetex\ifxetex.sty"
Package: ifxetex 2010/09/12 v0.6 Provides ifxetex conditional
)
\Gm@cnth=\count88
\Gm@cntv=\count89
\c@Gm@tempcnt=\count90
\Gm@bindingoffset=\dimen109
\Gm@wd@mp=\dimen110
\Gm@odd@mp=\dimen111
\Gm@even@mp=\dimen112
\Gm@layoutwidth=\dimen113
\Gm@layoutheight=\dimen114
\Gm@layouthoffset=\dimen115
\Gm@layoutvoffset=\dimen116
\Gm@dimlist=\toks15

("C:\Program Files\MiKTeX 2.9\tex\latex\geometry\geometry.cfg"))
("C:\Program Files\MiKTeX 2.9\tex\latex\hyperref\hyperref.sty"
Package: hyperref 2012/05/13 v6.82q Hypertext links for LaTeX

("C:\Program Files\MiKTeX 2.9\tex\generic\oberdiek\hobsub-hyperref.sty"
Package: hobsub-hyperref 2012/04/25 v1.12 Bundle oberdiek, subset hyperref (HO)


("C:\Program Files\MiKTeX 2.9\tex\generic\oberdiek\hobsub-generic.sty"
Package: hobsub-generic 2012/04/25 v1.12 Bundle oberdiek, subset generic (HO)
Package: hobsub 2012/04/25 v1.12 Construct package bundles (HO)
Package hobsub Info: Skipping package `infwarerr' (already loaded).
Package hobsub Info: Skipping package `ltxcmds' (already loaded).
Package: ifluatex 2010/03/01 v1.3 Provides the ifluatex switch (HO)
Package ifluatex Info: LuaTeX not detected.
Package hobsub Info: Skipping package `ifvtex' (already loaded).
Package: intcalc 2007/09/27 v1.1 Expandable calculations with integers (HO)
Package hobsub Info: Skipping package `ifpdf' (already loaded).
Package: etexcmds 2011/02/16 v1.5 Avoid name clashes with e-TeX commands (HO)
Package etexcmds Info: Could not find \expanded.
(etexcmds)             That can mean that you are not using pdfTeX 1.50 or
(etexcmds)             that some package has redefined \expanded.
(etexcmds)             In the latter case, load this package earlier.
Package: kvsetkeys 2012/04/25 v1.16 Key value parser (HO)
Package: kvdefinekeys 2011/04/07 v1.3 Define keys (HO)
Package: pdftexcmds 2011/11/29 v0.20 Utility functions of pdfTeX for LuaTeX (HO
)
Package pdftexcmds Info: LuaTeX not detected.
Package pdftexcmds Info: \pdf@primitive is available.
Package pdftexcmds Info: \pdf@ifprimitive is available.
Package pdftexcmds Info: \pdfdraftmode found.
Package: pdfescape 2011/11/25 v1.13 Implements pdfTeX's escape features (HO)
Package: bigintcalc 2012/04/08 v1.3 Expandable calculations on big integers (HO
)
Package: bitset 2011/01/30 v1.1 Handle bit-vector datatype (HO)
Package: uniquecounter 2011/01/30 v1.2 Provide unlimited unique counter (HO)
)
Package hobsub Info: Skipping package `hobsub' (already loaded).
Package: letltxmacro 2010/09/02 v1.4 Let assignment for LaTeX macros (HO)
Package: hopatch 2011/06/24 v1.1 Wrapper for package hooks (HO)
Package: xcolor-patch 2011/01/30 xcolor patch
Package: atveryend 2011/06/30 v1.8 Hooks at the very end of document (HO)
Package atveryend Info: \enddocument detected (standard20110627).
Package: atbegshi 2011/10/05 v1.16 At begin shipout hook (HO)
Package: refcount 2011/10/16 v3.4 Data extraction from label references (HO)
Package: hycolor 2011/01/30 v1.7 Color options for hyperref/bookmark (HO)
)
("C:\Program Files\MiKTeX 2.9\tex\latex\oberdiek\kvoptions.sty"
Package: kvoptions 2011/06/30 v3.11 Key value format for package options (HO)
)
\@linkdim=\dimen117
\Hy@linkcounter=\count91
\Hy@pagecounter=\count92

("C:\Program Files\MiKTeX 2.9\tex\latex\hyperref\pd1enc.def"
File: pd1enc.def 2012/05/13 v6.82q Hyperref: PDFDocEncoding definition (HO)
)
\Hy@SavedSpaceFactor=\count93

("C:\Program Files\MiKTeX 2.9\tex\latex\00miktex\hyperref.cfg"
File: hyperref.cfg 2002/06/06 v1.2 hyperref configuration of TeXLive
)
Package hyperref Info: Hyper figures OFF on input line 4062.
Package hyperref Info: Link nesting OFF on input line 4067.
Package hyperref Info: Hyper index ON on input line 4070.
Package hyperref Info: Plain pages OFF on input line 4077.
Package hyperref Info: Backreferencing OFF on input line 4082.
Package hyperref Info: Implicit mode ON; LaTeX internals redefined.
Package hyperref Info: Bookmarks ON on input line 4300.
\c@Hy@tempcnt=\count94

("C:\Program Files\MiKTeX 2.9\tex\latex\ltxmisc\url.sty"
\Urlmuskip=\muskip10
Package: url 2006/04/12  ver 3.3  Verb mode for urls, etc.
)
LaTeX Info: Redefining \url on input line 4653.
\Fld@menulength=\count95
\Field@Width=\dimen118
\Fld@charsize=\dimen119
Package hyperref Info: Hyper figures OFF on input line 5773.
Package hyperref Info: Link nesting OFF on input line 5778.
Package hyperref Info: Hyper index ON on input line 5781.
Package hyperref Info: backreferencing OFF on input line 5788.
Package hyperref Info: Link coloring OFF on input line 5793.
Package hyperref Info: Link coloring with OCG OFF on input line 5798.
Package hyperref Info: PDF/A mode OFF on input line 5803.
LaTeX Info: Redefining \ref on input line 5843.
LaTeX Info: Redefining \pageref on input line 5847.
\Hy@abspage=\count96
\c@Item=\count97
\c@Hfootnote=\count98
)

Package hyperref Message: Driver (autodetected): hpdftex.

("C:\Program Files\MiKTeX 2.9\tex\latex\hyperref\hpdftex.def"
File: hpdftex.def 2012/05/13 v6.82q Hyperref driver for pdfTeX
\Fld@listcount=\count99
\c@bookmark@seq@number=\count100

("C:\Program Files\MiKTeX 2.9\tex\latex\oberdiek\rerunfilecheck.sty"
Package: rerunfilecheck 2011/04/15 v1.7 Rerun checks for auxiliary files (HO)
Package uniquecounter Info: New unique counter `rerunfilecheck' on input line 2
82.
)
\Hy@SectionHShift=\skip44
)
("C:\Program Files\MiKTeX 2.9\tex\latex\float\float.sty"
Package: float 2001/11/08 v1.3d Float enhancements (AL)
\c@float@type=\count101
\float@exts=\toks16
\float@box=\box26
\@float@everytoks=\toks17
\@floatcapt=\box27
)
("C:\Program Files\MiKTeX 2.9\tex\latex\tools\multicol.sty"
Package: multicol 2011/06/27 v1.7a multicolumn formatting (FMi)
\c@tracingmulticols=\count102
\mult@box=\box28
\multicol@leftmargin=\dimen120
\c@unbalance=\count103
\c@collectmore=\count104
\doublecol@number=\count105
\multicoltolerance=\count106
\multicolpretolerance=\count107
\full@width=\dimen121
\page@free=\dimen122
\premulticols=\dimen123
\postmulticols=\dimen124
\multicolsep=\skip45
\multicolbaselineskip=\skip46
\partial@page=\box29
\last@line=\box30
\mult@rightbox=\box31
\mult@grightbox=\box32
\mult@gfirstbox=\box33
\mult@firstbox=\box34
\@tempa=\box35
\@tempa=\box36
\@tempa=\box37
\@tempa=\box38
\@tempa=\box39
\@tempa=\box40
\@tempa=\box41
\@tempa=\box42
\@tempa=\box43
\@tempa=\box44
\@tempa=\box45
\@tempa=\box46
\@tempa=\box47
\@tempa=\box48
\@tempa=\box49
\@tempa=\box50
\@tempa=\box51
\c@columnbadness=\count108
\c@finalcolumnbadness=\count109
\last@try=\dimen125
\multicolovershoot=\dimen126
\multicolundershoot=\dimen127
\mult@nat@firstbox=\box52
\colbreak@box=\box53
\multicol@sort@counter=\count110
)
("C:\Program Files\MiKTeX 2.9\tex\latex\oberdiek\pdflscape.sty"
Package: pdflscape 2008/08/11 v0.10 Display of landscape pages in PDF (HO)

("C:\Program Files\MiKTeX 2.9\tex\latex\graphics\lscape.sty"
Package: lscape 2000/10/22 v3.01 Landscape Pages (DPC)
)
Package pdflscape Info: Auto-detected driver: pdftex on input line 80.
)
("C:\Program Files\MiKTeX 2.9\tex\latex\tools\enumerate.sty"
Package: enumerate 1999/03/05 v3.00 enumerate extensions (DPC)
\@enLab=\toks18
)
("C:\Program Files\MiKTeX 2.9\tex\latex\paralist\paralist.sty"
Package: paralist 2002/03/18 v2.3b Extended list environments (BS)
\pltopsep=\skip47
\plpartopsep=\skip48
\plitemsep=\skip49
\plparsep=\skip50
\pl@lab=\toks19
)
("C:\Program Files\MiKTeX 2.9\tex\latex\amsfonts\amssymb.sty"
Package: amssymb 2009/06/22 v3.00

("C:\Program Files\MiKTeX 2.9\tex\latex\amsfonts\amsfonts.sty"
Package: amsfonts 2009/06/22 v3.00 Basic AMSFonts support
\@emptytoks=\toks20
\symAMSa=\mathgroup4
\symAMSb=\mathgroup5
LaTeX Font Info:    Overwriting math alphabet `\mathfrak' in version `bold'
(Font)                  U/euf/m/n --> U/euf/b/n on input line 96.
))
("C:\Program Files\MiKTeX 2.9\tex\latex\ams\math\amsmath.sty"
Package: amsmath 2000/07/18 v2.13 AMS math features
\@mathmargin=\skip51

For additional information on amsmath, use the `?' option.
("C:\Program Files\MiKTeX 2.9\tex\latex\ams\math\amstext.sty"
Package: amstext 2000/06/29 v2.01

("C:\Program Files\MiKTeX 2.9\tex\latex\ams\math\amsgen.sty"
File: amsgen.sty 1999/11/30 v2.0
\@emptytoks=\toks21
\ex@=\dimen128
))
("C:\Program Files\MiKTeX 2.9\tex\latex\ams\math\amsbsy.sty"
Package: amsbsy 1999/11/29 v1.2d
\pmbraise@=\dimen129
)
("C:\Program Files\MiKTeX 2.9\tex\latex\ams\math\amsopn.sty"
Package: amsopn 1999/12/14 v2.01 operator names
)
\inf@bad=\count111
LaTeX Info: Redefining \frac on input line 211.
\uproot@=\count112
\leftroot@=\count113
LaTeX Info: Redefining \overline on input line 307.
\classnum@=\count114
\DOTSCASE@=\count115
LaTeX Info: Redefining \ldots on input line 379.
LaTeX Info: Redefining \dots on input line 382.
LaTeX Info: Redefining \cdots on input line 467.
\Mathstrutbox@=\box54
\strutbox@=\box55
\big@size=\dimen130
LaTeX Font Info:    Redeclaring font encoding OML on input line 567.
LaTeX Font Info:    Redeclaring font encoding OMS on input line 568.
\macc@depth=\count116
\c@MaxMatrixCols=\count117
\dotsspace@=\muskip11
\c@parentequation=\count118
\dspbrk@lvl=\count119
\tag@help=\toks22
\row@=\count120
\column@=\count121
\maxfields@=\count122
\andhelp@=\toks23
\eqnshift@=\dimen131
\alignsep@=\dimen132
\tagshift@=\dimen133
\tagwidth@=\dimen134
\totwidth@=\dimen135
\lineht@=\dimen136
\@envbody=\toks24
\multlinegap=\skip52
\multlinetaggap=\skip53
\mathdisplay@stack=\toks25
LaTeX Info: Redefining \[ on input line 2666.
LaTeX Info: Redefining \] on input line 2667.
)
("C:\Program Files\MiKTeX 2.9\tex\latex\ams\classes\amsthm.sty"
Package: amsthm 2004/08/06 v2.20
\thm@style=\toks26
\thm@bodyfont=\toks27
\thm@headfont=\toks28
\thm@notefont=\toks29
\thm@headpunct=\toks30
\thm@preskip=\skip54
\thm@postskip=\skip55
\thm@headsep=\skip56
\dth@everypar=\toks31
)
("C:\Program Files\MiKTeX 2.9\tex\latex\biblatex\biblatex.sty"
Package: biblatex 2013/11/25 v2.8a programmable bibliographies (PK/JW/AB)

("C:\Program Files\MiKTeX 2.9\tex\latex\biblatex\biblatex1.sty"
Package: biblatex1 2013/11/25 v2.8a programmable bibliographies (bibtex) (PK/JW
/AB)

("C:\Program Files\MiKTeX 2.9\tex\latex\etoolbox\etoolbox.sty"
Package: etoolbox 2011/01/03 v2.1 e-TeX tools for LaTeX

("C:\Program Files\MiKTeX 2.9\tex\latex\misc\etex.sty"
Package: etex 1998/03/26 v2.0 eTeX basic definition package (PEB)
\et@xins=\count123
)
\etb@tempcnta=\count124
)
("C:\Program Files\MiKTeX 2.9\tex\latex\logreq\logreq.sty"
Package: logreq 2010/08/04 v1.0 xml request logger
\lrq@indent=\count125

("C:\Program Files\MiKTeX 2.9\tex\latex\logreq\logreq.def"
File: logreq.def 2010/08/04 v1.0 logreq spec v1.0
))
("C:\Program Files\MiKTeX 2.9\tex\latex\base\ifthen.sty"
Package: ifthen 2001/05/26 v1.1c Standard LaTeX ifthen package (DPC)
)
\c@tabx@nest=\count126
\c@listtotal=\count127
\c@listcount=\count128
\c@liststart=\count129
\c@liststop=\count130
\c@citecount=\count131
\c@citetotal=\count132
\c@multicitecount=\count133
\c@multicitetotal=\count134
\c@instcount=\count135
\c@maxnames=\count136
\c@minnames=\count137
\c@maxitems=\count138
\c@minitems=\count139
\c@citecounter=\count140
\c@savedcitecounter=\count141
\c@uniquelist=\count142
\c@uniquename=\count143
\c@refsection=\count144
\c@refsegment=\count145
\c@maxextrayear=\count146
\c@maxextraalpha=\count147
\c@abbrvpenalty=\count148
\c@highnamepenalty=\count149
\c@lownamepenalty=\count150
\c@maxparens=\count151
\c@parenlevel=\count152
\blx@tempcnta=\count153
\blx@tempcntb=\count154
\blx@tempcntc=\count155
\blx@maxsection=\count156
\blx@maxsegment=\count157
\blx@notetype=\count158
\blx@parenlevel@text=\count159
\blx@parenlevel@foot=\count160
\labelnumberwidth=\skip57
\labelalphawidth=\skip58
\shorthandwidth=\skip59
\biblabelsep=\skip60
\bibitemsep=\skip61
\bibnamesep=\skip62
\bibinitsep=\skip63
\bibparsep=\skip64
\bibhang=\skip65
\blx@auxin=\read1
\blx@auxout=\write3
\c@mincomprange=\count161
\c@maxcomprange=\count162
\c@mincompwidth=\count163
\c@labelname=\count164
\c@savedlabelname=\count165
\c@author=\count166
\c@savedauthor=\count167
\c@shortauthor=\count168
\c@savedshortauthor=\count169
\c@editor=\count170
\c@savededitor=\count171
\c@editora=\count172
\c@savededitora=\count173
\c@editorb=\count174
\c@savededitorb=\count175
\c@editorc=\count176
\c@savededitorc=\count177
\c@shorteditor=\count178
\c@savedshorteditor=\count179
\c@bookauthor=\count180
\c@savedbookauthor=\count181
\c@translator=\count182
\c@savedtranslator=\count183
\c@annotator=\count184
\c@savedannotator=\count185
\c@commentator=\count186
\c@savedcommentator=\count187
\c@introduction=\count188
\c@savedintroduction=\count189
\c@foreword=\count190
\c@savedforeword=\count191
\c@afterword=\count192
\c@savedafterword=\count193
\c@holder=\count194
\c@savedholder=\count195
\c@namea=\count196
\c@savednamea=\count197
\c@nameb=\count198
\c@savednameb=\count199
\c@namec=\count200
\c@savednamec=\count201
\c@institution=\count202
\c@savedinstitution=\count203
\c@language=\count204
\c@savedlanguage=\count205
\c@location=\count206
\c@savedlocation=\count207
\c@organization=\count208
\c@savedorganization=\count209
\c@origlocation=\count210
\c@savedoriglocation=\count211
\c@origpublisher=\count212
\c@savedorigpublisher=\count213
\c@pageref=\count214
\c@savedpageref=\count215
\c@publisher=\count216
\c@savedpublisher=\count217
\c@lista=\count218
\c@savedlista=\count219
\c@listb=\count220
\c@savedlistb=\count221
\c@listc=\count222
\c@savedlistc=\count223
\c@listd=\count224
\c@savedlistd=\count225
\c@liste=\count226
\c@savedliste=\count227
\c@listf=\count228
\c@savedlistf=\count229
Package biblatex Info: Trying to load compatibility code...
Package biblatex Info: ... file 'blx-compat.def' found.

("C:\Program Files\MiKTeX 2.9\tex\latex\biblatex\blx-compat.def"
File: blx-compat.def 2013/11/25 v2.8a biblatex compatibility (PK/JW/AB)
)
Package biblatex Info: Trying to load generic definitions...
Package biblatex Info: ... file 'biblatex.def' found.

("C:\Program Files\MiKTeX 2.9\tex\latex\biblatex\biblatex.def"
File: biblatex.def 
\c@textcitecount=\count230
\c@textcitetotal=\count231
\c@textcitemaxnames=\count232
\c@biburlnumpenalty=\count233
Normal \count register pool exhausted, switching to extended pool.
\c@biburlucpenalty=\count277
\c@biburllcpenalty=\count278
\c@smartand=\count279
)
Package biblatex Info: Trying to load natbib compatibility...
Package biblatex Info: ... file 'blx-natbib.def' found.

("C:\Program Files\MiKTeX 2.9\tex\latex\biblatex\blx-natbib.def"
File: blx-natbib.def 2013/11/25 v2.8a biblatex compatibility (PK/JW/AB)
)
Package biblatex Info: Trying to load bibliography style 'numeric'...
Package biblatex Info: ... file 'numeric.bbx' found.

("C:\Program Files\MiKTeX 2.9\tex\latex\biblatex\bbx\numeric.bbx"
File: numeric.bbx 2013/11/25 v2.8a biblatex bibliography style (PK/JW/AB)
Package biblatex Info: Trying to load bibliography style 'standard'...
Package biblatex Info: ... file 'standard.bbx' found.

("C:\Program Files\MiKTeX 2.9\tex\latex\biblatex\bbx\standard.bbx"
File: standard.bbx 2013/11/25 v2.8a biblatex bibliography style (PK/JW/AB)
\c@bbx:relatedcount=\count280
\c@bbx:relatedtotal=\count281
))
Package biblatex Info: Trying to load citation style 'numeric'...
Package biblatex Info: ... file 'numeric.cbx' found.

("C:\Program Files\MiKTeX 2.9\tex\latex\biblatex\cbx\numeric.cbx"
File: numeric.cbx 2013/11/25 v2.8a biblatex citation style (PK/JW/AB)
Package biblatex Info: Redefining '\cite'.
Package biblatex Info: Redefining '\parencite'.
Package biblatex Info: Redefining '\footcite'.
Package biblatex Info: Redefining '\footcitetext'.
Package biblatex Info: Redefining '\smartcite'.
Package biblatex Info: Redefining '\supercite'.
Package biblatex Info: Redefining '\textcite'.
Package biblatex Info: Redefining '\textcites'.
Package biblatex Info: Redefining '\cites'.
Package biblatex Info: Redefining '\parencites'.
Package biblatex Info: Redefining '\smartcites'.
)
Package biblatex Info: Trying to load configuration file...
Package biblatex Info: ... file 'biblatex.cfg' found.

("C:\Program Files\MiKTeX 2.9\tex\latex\biblatex\biblatex.cfg"
File: biblatex.cfg 
)))
\c@res=\count282

("C:\Program Files\MiKTeX 2.9\tex\latex\upquote\upquote.sty"
Package: upquote 2012/04/19 v1.3 upright-quote and grave-accent glyphs in verba
tim
)
Package biblatex Info: Trying to load language 'english'...
Package biblatex Info: ... file 'english.lbx' found.

("C:\Program Files\MiKTeX 2.9\tex\latex\biblatex\lbx\english.lbx"
File: english.lbx 2013/11/25 v2.8a biblatex localization (PK/JW/AB)
)
\@quotelevel=\count283
\@quotereset=\count284

(C:\Users\Maggie\Documents\GitHub\Bayesian-Spectral-Density\documents\paper\Kap
lan_Johnson_Final_Project.aux)
LaTeX Font Info:    Checking defaults for OML/cmm/m/it on input line 76.
LaTeX Font Info:    ... okay on input line 76.
LaTeX Font Info:    Checking defaults for T1/cmr/m/n on input line 76.
LaTeX Font Info:    ... okay on input line 76.
LaTeX Font Info:    Checking defaults for OT1/cmr/m/n on input line 76.
LaTeX Font Info:    ... okay on input line 76.
LaTeX Font Info:    Checking defaults for OMS/cmsy/m/n on input line 76.
LaTeX Font Info:    ... okay on input line 76.
LaTeX Font Info:    Checking defaults for OMX/cmex/m/n on input line 76.
LaTeX Font Info:    ... okay on input line 76.
LaTeX Font Info:    Checking defaults for U/cmr/m/n on input line 76.
LaTeX Font Info:    ... okay on input line 76.
LaTeX Font Info:    Checking defaults for PD1/pdf/m/n on input line 76.
LaTeX Font Info:    ... okay on input line 76.

("C:\Program Files\MiKTeX 2.9\tex\context\base\supp-pdf.mkii"
[Loading MPS to PDF converter (version 2006.09.02).]
\scratchcounter=\count285
\scratchdimen=\dimen137
\scratchbox=\box56
\nofMPsegments=\count286
\nofMParguments=\count287
\everyMPshowfont=\toks32
\MPscratchCnt=\count288
\MPscratchDim=\dimen138
\MPnumerator=\count289
\makeMPintoPDFobject=\count290
\everyMPtoPDFconversion=\toks33
)
*geometry* driver: auto-detecting
*geometry* detected driver: pdftex
*geometry* verbose mode - [ preamble ] result:
* driver: pdftex
* paper: <default>
* layout: <same size as paper>
* layoutoffset:(h,v)=(0.0pt,0.0pt)
* modes: 
* h-part:(L,W,R)=(90.3375pt, 433.62001pt, 90.3375pt)
* v-part:(T,H,B)=(90.3375pt, 614.295pt, 90.3375pt)
* \paperwidth=614.295pt
* \paperheight=794.96999pt
* \textwidth=433.62001pt
* \textheight=614.295pt
* \oddsidemargin=18.0675pt
* \evensidemargin=18.0675pt
* \topmargin=-18.9325pt
* \headheight=12.0pt
* \headsep=25.0pt
* \topskip=10.0pt
* \footskip=30.0pt
* \marginparwidth=65.0pt
* \marginparsep=11.0pt
* \columnsep=10.0pt
* \skip\footins=9.0pt plus 4.0pt minus 2.0pt
* \hoffset=0.0pt
* \voffset=0.0pt
* \mag=1000
* \@twocolumnfalse
* \@twosidefalse
* \@mparswitchfalse
* \@reversemarginfalse
* (1in=72.27pt=25.4mm, 1cm=28.453pt)

\AtBeginShipoutBox=\box57
Package hyperref Info: Link coloring OFF on input line 76.
("C:\Program Files\MiKTeX 2.9\tex\latex\hyperref\nameref.sty"
Package: nameref 2010/04/30 v2.40 Cross-referencing by name of section

("C:\Program Files\MiKTeX 2.9\tex\generic\oberdiek\gettitlestring.sty"
Package: gettitlestring 2010/12/03 v1.4 Cleanup title references (HO)
)
\c@section@level=\count291
)
LaTeX Info: Redefining \ref on input line 76.
LaTeX Info: Redefining \pageref on input line 76.
LaTeX Info: Redefining \nameref on input line 76.

(C:\Users\Maggie\Documents\GitHub\Bayesian-Spectral-Density\documents\paper\Kap
lan_Johnson_Final_Project.out)
(C:\Users\Maggie\Documents\GitHub\Bayesian-Spectral-Density\documents\paper\Kap
lan_Johnson_Final_Project.out)
\@outlinefile=\write4
Package biblatex Info: No input encoding detected.
(biblatex)             Assuming 'ascii'.
Package biblatex Info: Automatic encoding selection.
(biblatex)             Assuming data encoding 'ascii'.
Package biblatex Info: Trying to load bibliographic data...


Package biblatex Warning: File 'Kaplan_Johnson_Final_Project.bbl' created by wr
ong version.

Package biblatex Info: ... file 'Kaplan_Johnson_Final_Project.bbl' found.

(C:\Users\Maggie\Documents\GitHub\Bayesian-Spectral-Density\documents\paper\Kap
lan_Johnson_Final_Project.bbl)
Package biblatex Info: Reference section=0 on input line 76.
Package biblatex Info: Reference segment=0 on input line 76.
LaTeX Font Info:    Try loading font information for U+msa on input line 79.

("C:\Program Files\MiKTeX 2.9\tex\latex\amsfonts\umsa.fd"
File: umsa.fd 2009/06/22 v3.00 AMS symbols A
)
LaTeX Font Info:    Try loading font information for U+msb on input line 79.

("C:\Program Files\MiKTeX 2.9\tex\latex\amsfonts\umsb.fd"
File: umsb.fd 2009/06/22 v3.00 AMS symbols B
) [1

{C:/ProgramData/MiKTeX/2.9/pdftex/config/pdftex.map}] [2] [3] [4]
Package color Info: Redefining color shadecolor on input line 210.

<figure/inital-iid1.pdf, id=157, 361.35pt x 361.35pt>
File: figure/inital-iid1.pdf Graphic file (type pdf)

<use figure/inital-iid1.pdf>
Package pdftex.def Info: figure/inital-iid1.pdf used on input line 212.
(pdftex.def)             Requested size: 143.09538pt x 143.09283pt.

<figure/inital-iid2.pdf, id=158, 361.35pt x 361.35pt>
File: figure/inital-iid2.pdf Graphic file (type pdf)

<use figure/inital-iid2.pdf>
Package pdftex.def Info: figure/inital-iid2.pdf used on input line 213.
(pdftex.def)             Requested size: 143.09538pt x 143.09283pt.

<figure/inital-iid3.pdf, id=159, 361.35pt x 361.35pt>
File: figure/inital-iid3.pdf Graphic file (type pdf)

<use figure/inital-iid3.pdf>
Package pdftex.def Info: figure/inital-iid3.pdf used on input line 214.
(pdftex.def)             Requested size: 143.09538pt x 143.09283pt.
Package color Info: Redefining color shadecolor on input line 224.

<figure/tests-iid1.pdf, id=161, 505.89pt x 361.35pt>
File: figure/tests-iid1.pdf Graphic file (type pdf)

<use figure/tests-iid1.pdf>
Package pdftex.def Info: figure/tests-iid1.pdf used on input line 226.
(pdftex.def)             Requested size: 212.47618pt x 151.77147pt.

<figure/tests-iid2.pdf, id=162, 505.89pt x 361.35pt>
File: figure/tests-iid2.pdf Graphic file (type pdf)

<use figure/tests-iid2.pdf>
Package pdftex.def Info: figure/tests-iid2.pdf used on input line 227.
(pdftex.def)             Requested size: 212.47618pt x 151.77147pt.
 [5pdfTeX warning (ext4): destination with the same identifier (name{figure.1})
 has been already used, duplicate ignored

\AtBegShi@Output ...ipout \box \AtBeginShipoutBox 
                                                  \fi \fi 
l.228 \end{figure}
                   <C:/Users/Maggie/Documents/GitHub/Bayesian-Spectral-Density/
documents/paper/figure/inital-iid1.pdf> <C:/Users/Maggie/Documents/GitHub/Bayes
ian-Spectral-Density/documents/paper/figure/inital-iid2.pdf> <C:/Users/Maggie/D
ocuments/GitHub/Bayesian-Spectral-Density/documents/paper/figure/inital-iid3.pd
f>]
Package color Info: Redefining color shadecolor on input line 241.
 <figure/inital-ar11.pdf, id=190, 361.35pt x 361.35pt>
File: figure/inital-ar11.pdf Graphic file (type pdf)

<use figure/inital-ar11.pdf>
Package pdftex.def Info: figure/inital-ar11.pdf used on input line 243.
(pdftex.def)             Requested size: 143.09538pt x 143.09283pt.

<figure/inital-ar12.pdf, id=191, 361.35pt x 361.35pt>
File: figure/inital-ar12.pdf Graphic file (type pdf)

<use figure/inital-ar12.pdf>
Package pdftex.def Info: figure/inital-ar12.pdf used on input line 244.
(pdftex.def)             Requested size: 143.09538pt x 143.09283pt.

<figure/inital-ar13.pdf, id=192, 361.35pt x 361.35pt>
File: figure/inital-ar13.pdf Graphic file (type pdf)

<use figure/inital-ar13.pdf>
Package pdftex.def Info: figure/inital-ar13.pdf used on input line 245.
(pdftex.def)             Requested size: 143.09538pt x 143.09283pt.
Package color Info: Redefining color shadecolor on input line 254.

<figure/tests-ar11.pdf, id=194, 505.89pt x 361.35pt>
File: figure/tests-ar11.pdf Graphic file (type pdf)

<use figure/tests-ar11.pdf>
Package pdftex.def Info: figure/tests-ar11.pdf used on input line 256.
(pdftex.def)             Requested size: 212.47618pt x 151.77147pt.

<figure/tests-ar12.pdf, id=195, 505.89pt x 361.35pt>
File: figure/tests-ar12.pdf Graphic file (type pdf)

<use figure/tests-ar12.pdf>
Package pdftex.def Info: figure/tests-ar12.pdf used on input line 257.
(pdftex.def)             Requested size: 212.47618pt x 151.77147pt.
 [6pdfTeX warning (ext4): destination with the same identifier (name{figure.2})
 has been already used, duplicate ignored

\AtBegShi@Output ...ipout \box \AtBeginShipoutBox 
                                                  \fi \fi 
l.258 \end{figure}
                  pdfTeX warning (ext4): destination with the same identifier (
name{figure.3}) has been already used, duplicate ignored

\AtBegShi@Output ...ipout \box \AtBeginShipoutBox 
                                                  \fi \fi 
l.258 \end{figure}
                   <C:/Users/Maggie/Documents/GitHub/Bayesian-Spectral-Density/
documents/paper/figure/tests-iid1.pdf> <C:/Users/Maggie/Documents/GitHub/Bayesi
an-Spectral-Density/documents/paper/figure/tests-iid2.pdf> <C:/Users/Maggie/Doc
uments/GitHub/Bayesian-Spectral-Density/documents/paper/figure/inital-ar11.pdf>
 <C:/Users/Maggie/Documents/GitHub/Bayesian-Spectral-Density/documents/paper/fi
gure/inital-ar12.pdf> <C:/Users/Maggie/Documents/GitHub/Bayesian-Spectral-Densi
ty/documents/paper/figure/inital-ar13.pdf>]
Package color Info: Redefining color shadecolor on input line 267.

<figure/inital-ar41.pdf, id=235, 361.35pt x 361.35pt>
File: figure/inital-ar41.pdf Graphic file (type pdf)

<use figure/inital-ar41.pdf>
Package pdftex.def Info: figure/inital-ar41.pdf used on input line 269.
(pdftex.def)             Requested size: 143.09538pt x 143.09283pt.

<figure/inital-ar42.pdf, id=236, 361.35pt x 361.35pt>
File: figure/inital-ar42.pdf Graphic file (type pdf)

<use figure/inital-ar42.pdf>
Package pdftex.def Info: figure/inital-ar42.pdf used on input line 270.
(pdftex.def)             Requested size: 143.09538pt x 143.09283pt.

<figure/inital-ar43.pdf, id=237, 361.35pt x 361.35pt>
File: figure/inital-ar43.pdf Graphic file (type pdf)

<use figure/inital-ar43.pdf>
Package pdftex.def Info: figure/inital-ar43.pdf used on input line 271.
(pdftex.def)             Requested size: 143.09538pt x 143.09283pt.
 [7pdfTeX warning (ext4): destination with the same identifier (name{figure.4})
 has been already used, duplicate ignored

\AtBegShi@Output ...ipout \box \AtBeginShipoutBox 
                                                  \fi \fi 
l.279 
      pdfTeX warning (ext4): destination with the same identifier (name{figure.
5}) has been already used, duplicate ignored

\AtBegShi@Output ...ipout \box \AtBeginShipoutBox 
                                                  \fi \fi 
l.279 
       <C:/Users/Maggie/Documents/GitHub/Bayesian-Spectral-Density/documents/pa
per/figure/tests-ar11.pdf> <C:/Users/Maggie/Documents/GitHub/Bayesian-Spectral-
Density/documents/paper/figure/tests-ar12.pdf> <C:/Users/Maggie/Documents/GitHu
b/Bayesian-Spectral-Density/documents/paper/figure/inital-ar41.pdf> <C:/Users/M
aggie/Documents/GitHub/Bayesian-Spectral-Density/documents/paper/figure/inital-
ar42.pdf> <C:/Users/Maggie/Documents/GitHub/Bayesian-Spectral-Density/documents
/paper/figure/inital-ar43.pdf>]
Package color Info: Redefining color shadecolor on input line 281.

<figure/tests-ar41.pdf, id=280, 505.89pt x 361.35pt>
File: figure/tests-ar41.pdf Graphic file (type pdf)

<use figure/tests-ar41.pdf>
Package pdftex.def Info: figure/tests-ar41.pdf used on input line 283.
(pdftex.def)             Requested size: 212.47618pt x 151.77147pt.

<figure/tests-ar42.pdf, id=281, 505.89pt x 361.35pt>
File: figure/tests-ar42.pdf Graphic file (type pdf)

<use figure/tests-ar42.pdf>
Package pdftex.def Info: figure/tests-ar42.pdf used on input line 284.
(pdftex.def)             Requested size: 212.47618pt x 151.77147pt.
Package color Info: Redefining color shadecolor on input line 298.

<figure/inital-ma11.pdf, id=283, 361.35pt x 361.35pt>
File: figure/inital-ma11.pdf Graphic file (type pdf)

<use figure/inital-ma11.pdf>
Package pdftex.def Info: figure/inital-ma11.pdf used on input line 300.
(pdftex.def)             Requested size: 143.09538pt x 143.09283pt.

<figure/inital-ma12.pdf, id=284, 361.35pt x 361.35pt>
File: figure/inital-ma12.pdf Graphic file (type pdf)

<use figure/inital-ma12.pdf>
Package pdftex.def Info: figure/inital-ma12.pdf used on input line 301.
(pdftex.def)             Requested size: 143.09538pt x 143.09283pt.

<figure/inital-ma13.pdf, id=285, 361.35pt x 361.35pt>
File: figure/inital-ma13.pdf Graphic file (type pdf)

<use figure/inital-ma13.pdf>
Package pdftex.def Info: figure/inital-ma13.pdf used on input line 302.
(pdftex.def)             Requested size: 143.09538pt x 143.09283pt.
 [8pdfTeX warning (ext4): destination with the same identifier (name{figure.6})
 has been already used, duplicate ignored

\AtBegShi@Output ...ipout \box \AtBeginShipoutBox 
                                                  \fi \fi 
l.304 
       <C:/Users/Maggie/Documents/GitHub/Bayesian-Spectral-Density/documents/pa
per/figure/tests-ar41.pdf> <C:/Users/Maggie/Documents/GitHub/Bayesian-Spectral-
Density/documents/paper/figure/tests-ar42.pdf>]

LaTeX Warning: Reference `fig:initial-ma1' on page 9 undefined on input line 30
9.

Package color Info: Redefining color shadecolor on input line 312.
<figure/tests-ma11.pdf, id=310, 505.89pt x 361.35pt>
File: figure/tests-ma11.pdf Graphic file (type pdf)

<use figure/tests-ma11.pdf>
Package pdftex.def Info: figure/tests-ma11.pdf used on input line 314.
(pdftex.def)             Requested size: 212.47618pt x 151.77147pt.

<figure/tests-ma12.pdf, id=311, 505.89pt x 361.35pt>
File: figure/tests-ma12.pdf Graphic file (type pdf)

<use figure/tests-ma12.pdf>
Package pdftex.def Info: figure/tests-ma12.pdf used on input line 315.
(pdftex.def)             Requested size: 212.47618pt x 151.77147pt.
Package color Info: Redefining color shadecolor on input line 336.

<figure/inital-arma411.pdf, id=312, 361.35pt x 361.35pt>
File: figure/inital-arma411.pdf Graphic file (type pdf)

<use figure/inital-arma411.pdf>
Package pdftex.def Info: figure/inital-arma411.pdf used on input line 338.
(pdftex.def)             Requested size: 143.09538pt x 143.09283pt.

<figure/inital-arma412.pdf, id=313, 361.35pt x 361.35pt>
File: figure/inital-arma412.pdf Graphic file (type pdf)

<use figure/inital-arma412.pdf>
Package pdftex.def Info: figure/inital-arma412.pdf used on input line 339.
(pdftex.def)             Requested size: 143.09538pt x 143.09283pt.

<figure/inital-arma413.pdf, id=314, 361.35pt x 361.35pt>
File: figure/inital-arma413.pdf Graphic file (type pdf)

<use figure/inital-arma413.pdf>
Package pdftex.def Info: figure/inital-arma413.pdf used on input line 340.
(pdftex.def)             Requested size: 143.09538pt x 143.09283pt.
 [9pdfTeX warning (ext4): destination with the same identifier (name{figure.7})
 has been already used, duplicate ignored

\AtBegShi@Output ...ipout \box \AtBeginShipoutBox 
                                                  \fi \fi 
l.342 
      pdfTeX warning (ext4): destination with the same identifier (name{figure.
8}) has been already used, duplicate ignored

\AtBegShi@Output ...ipout \box \AtBeginShipoutBox 
                                                  \fi \fi 
l.342 
       <C:/Users/Maggie/Documents/GitHub/Bayesian-Spectral-Density/documents/pa
per/figure/inital-ma11.pdf> <C:/Users/Maggie/Documents/GitHub/Bayesian-Spectral
-Density/documents/paper/figure/inital-ma12.pdf> <C:/Users/Maggie/Documents/Git
Hub/Bayesian-Spectral-Density/documents/paper/figure/inital-ma13.pdf> <C:/Users
/Maggie/Documents/GitHub/Bayesian-Spectral-Density/documents/paper/figure/tests
-ma11.pdf> <C:/Users/Maggie/Documents/GitHub/Bayesian-Spectral-Density/document
s/paper/figure/tests-ma12.pdf>]
Package color Info: Redefining color shadecolor on input line 348.

<figure/tests-arma411.pdf, id=352, 505.89pt x 361.35pt>
File: figure/tests-arma411.pdf Graphic file (type pdf)

<use figure/tests-arma411.pdf>
Package pdftex.def Info: figure/tests-arma411.pdf used on input line 350.
(pdftex.def)             Requested size: 212.47618pt x 151.77147pt.

<figure/tests-arma412.pdf, id=353, 505.89pt x 361.35pt>
File: figure/tests-arma412.pdf Graphic file (type pdf)

<use figure/tests-arma412.pdf>
Package pdftex.def Info: figure/tests-arma412.pdf used on input line 351.
(pdftex.def)             Requested size: 212.47618pt x 151.77147pt.
LaTeX Font Info:    Try loading font information for OMS+cmr on input line 390.


("C:\Program Files\MiKTeX 2.9\tex\latex\base\omscmr.fd"
File: omscmr.fd 1999/05/25 v2.5h Standard LaTeX font definitions
)
LaTeX Font Info:    Font shape `OMS/cmr/m/n' in size <10> not available
(Font)              Font shape `OMS/cmsy/m/n' tried instead on input line 390.
 [10pdfTeX warning (ext4): destination with the same identifier (name{figure.9}
) has been already used, duplicate ignored

\AtBegShi@Output ...ipout \box \AtBeginShipoutBox 
                                                  \fi \fi 
l.390 \end{enumerate}}
                      pdfTeX warning (ext4): destination with the same identifi
er (name{figure.10}) has been already used, duplicate ignored

\AtBegShi@Output ...ipout \box \AtBeginShipoutBox 
                                                  \fi \fi 
l.390 \end{enumerate}}
                       <C:/Users/Maggie/Documents/GitHub/Bayesian-Spectral-Dens
ity/documents/paper/figure/inital-arma411.pdf> <C:/Users/Maggie/Documents/GitHu
b/Bayesian-Spectral-Density/documents/paper/figure/inital-arma412.pdf> <C:/User
s/Maggie/Documents/GitHub/Bayesian-Spectral-Density/documents/paper/figure/init
al-arma413.pdf> <C:/Users/Maggie/Documents/GitHub/Bayesian-Spectral-Density/doc
uments/paper/figure/tests-arma411.pdf> <C:/Users/Maggie/Documents/GitHub/Bayesi
an-Spectral-Density/documents/paper/figure/tests-arma412.pdf>]
Package atveryend Info: Empty hook `BeforeClearDocument' on input line 395.
 [11]
Package atveryend Info: Empty hook `AfterLastShipout' on input line 395.

(C:\Users\Maggie\Documents\GitHub\Bayesian-Spectral-Density\documents\paper\Kap
lan_Johnson_Final_Project.aux)
Package atveryend Info: Executing hook `AtVeryEndDocument' on input line 395.
Package atveryend Info: Executing hook `AtEndAfterFileList' on input line 395.
Package rerunfilecheck Info: File `Kaplan_Johnson_Final_Project.out' has not ch
anged.
(rerunfilecheck)             Checksum: 4CC7445E3C882B1884E3A4DCEA0B82F1;860.


LaTeX Warning: There were undefined references.

Package logreq Info: Writing requests to 'Kaplan_Johnson_Final_Project.run.xml'
.
Package atveryend Info: Empty hook `AtVeryVeryEnd' on input line 395.
 ) 
Here is how much of TeX's memory you used:
 11939 strings out of 494045
 186503 string characters out of 3148385
 386532 words of memory out of 3000000
 14962 multiletter control sequences out of 15000+200000
 15164 words of font info for 57 fonts, out of 3000000 for 9000
 715 hyphenation exceptions out of 8191
 37i,10n,49p,1073b,916s stack positions out of 5000i,500n,10000p,200000b,50000s
<C:/Program Files/MiKTeX 2.9/fonts/type1/public/amsfonts/cm/cmbx10.pfb><C:/Pr
ogram Files/MiKTeX 2.9/fonts/type1/public/amsfonts/cm/cmbx12.pfb><C:/Program Fi
les/MiKTeX 2.9/fonts/type1/public/amsfonts/cm/cmex10.pfb><C:/Program Files/MiKT
eX 2.9/fonts/type1/public/amsfonts/cm/cmmi10.pfb><C:/Program Files/MiKTeX 2.9/f
onts/type1/public/amsfonts/cm/cmmi5.pfb><C:/Program Files/MiKTeX 2.9/fonts/type
1/public/amsfonts/cm/cmmi7.pfb><C:/Program Files/MiKTeX 2.9/fonts/type1/public/
amsfonts/cm/cmmib10.pfb><C:/Program Files/MiKTeX 2.9/fonts/type1/public/amsfont
s/cm/cmr10.pfb><C:/Program Files/MiKTeX 2.9/fonts/type1/public/amsfonts/cm/cmr1
2.pfb><C:/Program Files/MiKTeX 2.9/fonts/type1/public/amsfonts/cm/cmr17.pfb><C:
/Program Files/MiKTeX 2.9/fonts/type1/public/amsfonts/cm/cmr5.pfb><C:/Program F
iles/MiKTeX 2.9/fonts/type1/public/amsfonts/cm/cmr7.pfb><C:/Program Files/MiKTe
X 2.9/fonts/type1/public/amsfonts/cm/cmsy10.pfb><C:/Program Files/MiKTeX 2.9/fo
nts/type1/public/amsfonts/cm/cmsy7.pfb><C:/Program Files/MiKTeX 2.9/fonts/type1
/public/amsfonts/cm/cmti10.pfb><C:/Program Files/MiKTeX 2.9/fonts/type1/public/
amsfonts/cm/cmti7.pfb><C:/Program Files/MiKTeX 2.9/fonts/type1/public/amsfonts/
cm/cmtt10.pfb>
Output written on Kaplan_Johnson_Final_Project.pdf (11 pages, 417570 bytes).
PDF statistics:
 477 PDF objects out of 1000 (max. 8388607)
 82 named destinations out of 1000 (max. 500000)
 238 words of extra memory for PDF output out of 10000 (max. 10000000)

